This is pdfTeX, Version 3.141592653-2.6-1.40.24 (MiKTeX 22.1) (preloaded format=latex 2023.1.26)  26 JAN 2023 08:50
entering extended mode
 restricted \write18 enabled.
 %&-line parsing enabled.
**main.tex

(/Users/fredriknystrom/Library/Application Support/MiKTeX/texmfs/install/tex/la
tex/tools/q.tex
LaTeX2e <2022-06-01> patch level 5
L3 programming layer <2022-08-30> File ignored
)
! Emergency stop.
<*> main.tex
            
*** (job aborted, no legal \end found)

 
Here is how much of TeX's memory you used:
 19 strings out of 477325
 580 string characters out of 2825967
 335259 words of memory out of 3000000
 21253 multiletter control sequences out of 15000+600000
 469259 words of font info for 28 fonts, out of 8000000 for 9000
 0 hyphenation exceptions out of 8191
 13i,0n,12p,88b,10s stack positions out of 5000i,500n,10000p,200000b,80000s
No pages of output.
